#
# A fatal error has been detected by the Java Runtime Environment:
#
#  EXCEPTION_ACCESS_VIOLATION (0xc0000005) at pc=0x00007fff60e1fd8a, pid=12324, tid=0x00000000000019ec
#
# JRE version: Java(TM) SE Runtime Environment (8.0_131-b11) (build 1.8.0_131-b11)
# Java VM: Java HotSpot(TM) 64-Bit Server VM (25.131-b11 mixed mode windows-amd64 compressed oops)
# Problematic frame:
# C  [jcef.dll+0x1fd8a]
#
# Failed to write core dump. Minidumps are not enabled by default on client versions of Windows
#
# If you would like to submit a bug report, please visit:
#   http://bugreport.java.com/bugreport/crash.jsp
#

---------------  T H R E A D  ---------------

Current thread (0x00000000174f7000):  VMThread [stack: 0x0000000018580000,0x0000000018680000] [id=6636]

siginfo: ExceptionCode=0xc0000005, reading address 0x00000000000000b0

Registers:
RAX=0x0000000000000000, RBX=0x0000000000000001, RCX=0x00000000174f71f8, RDX=0x0000000017454948
RSP=0x000000001867efd0, RBP=0x0000e47f8037834c, RSI=0x00007fff60ed41b0, RDI=0x0000000000993bc0
R8 =0x0000000000000001, R9 =0x0000000000000000, R10=0x000000001867f018, R11=0x000000001867ef60
R12=0x0000000000972b90, R13=0x0000000000972b30, R14=0x000000001867f370, R15=0x0000000000000001
RIP=0x00007fff60e1fd8a, EFLAGS=0x0000000000010202

Top of Stack: (sp=0x000000001867efd0)
0x000000001867efd0:   0000000000000001 00007fff324186ef
0x000000001867efe0:   000000001867f0a0 000000001867f050
0x000000001867eff0:   fffffffffffffffe 0000000000000000
0x000000001867f000:   0000000000993b50 00007fff60e1fed5
0x000000001867f010:   0000000000000001 00000000174f71f8
0x000000001867f020:   0000000000000001 0000000000000000
0x000000001867f030:   000000002760f230 00007fff60e21ce4
0x000000001867f040:   00000000250789d0 0000e47f8037834c
0x000000001867f050:   0000000000000001 0000000025454ee0
0x000000001867f060:   000000002570c4d0 00007fff60e4dd62
0x000000001867f070:   0000000025454ee0 0000000000000000
0x000000001867f080:   000000002570fb90 00007fff60ed41b0
0x000000001867f090:   000000001de70070 00007fff60e4f3a2
0x000000001867f0a0:   00007fff60ed41b0 0000e47f8037834c
0x000000001867f0b0:   0000000000000001 000000001867f370
0x000000001867f0c0:   0000000000972b30 00007fff31eb034c 

Instructions: (pc=0x00007fff60e1fd8a)
0x00007fff60e1fd6a:   48 8d 4c 24 48 e8 fc 8c 00 00 90 85 c0 75 23 48
0x00007fff60e1fd7a:   8b 4c 24 48 48 85 c9 74 19 48 8b 01 48 8b 57 a0
0x00007fff60e1fd8a:   ff 90 b0 00 00 00 90 48 8d 4c 24 40 e8 75 80 00
0x00007fff60e1fd9a:   00 90 48 8d 4f c8 e8 2b 88 02 00 90 4c 8b 47 b8 


Register to memory mapping:

RAX=0x0000000000000000 is an unknown value
RBX=0x0000000000000001 is an unknown value
RCX=0x00000000174f71f8 is an unknown value
RDX=0x0000000017454948 is a global jni handle
RSP=0x000000001867efd0 is an unknown value
RBP=0x0000e47f8037834c is an unknown value
RSI=0x00007fff60ed41b0 is an unknown value
RDI=0x0000000000993bc0 is an unknown value
R8 =0x0000000000000001 is an unknown value
R9 =0x0000000000000000 is an unknown value
R10=0x000000001867f018 is an unknown value
R11=0x000000001867ef60 is an unknown value
R12=0x0000000000972b90 is an unknown value
R13=0x0000000000972b30 is an unknown value
R14=0x000000001867f370 is an unknown value
R15=0x0000000000000001 is an unknown value


Stack: [0x0000000018580000,0x0000000018680000],  sp=0x000000001867efd0,  free space=1019k
Native frames: (J=compiled Java code, j=interpreted, Vv=VM code, C=native code)
C  [jcef.dll+0x1fd8a]
C  [jcef.dll+0x1fed5]
C  [jcef.dll+0x21ce4]
C  [jcef.dll+0x4dd62]
C  [jcef.dll+0x4f3a2]
C  [libcef.dll+0x199034c]
C  [libcef.dll+0x2588ae5]
C  [libcef.dll+0x2588d18]
C  [libcef.dll+0x25917b0]
C  [libcef.dll+0x1998bd2]
C  [libcef.dll+0x19abc07]
C  [jcef.dll+0x583f8]
C  [jcef.dll+0x39c1d]
C  [jcef.dll+0x39ff0]
C  [jcef.dll+0x8b354]
C  [jcef.dll+0x74830]
C  [jcef.dll+0x74599]
C  [jcef.dll+0x7491d]
C  [jcef.dll+0x73d7c]
C  [jcef.dll+0x73ce5]
C  [jcef.dll+0x73e7f]
C  [jcef.dll+0x68b9b]
C  [jcef.dll+0x6939a]
C  [jcef.dll+0x69490]
C  [ntdll.dll+0x2a37f]
C  [ntdll.dll+0x806b]
C  [ntdll.dll+0x7d94]
C  [KERNEL32.DLL+0x1ce6a]
C  [msvcr100.dll+0x20ccd]
V  [jvm.dll+0x213235]
V  [jvm.dll+0x24c2a7]
V  [jvm.dll+0x24b546]
V  [jvm.dll+0x24b9e1]
V  [jvm.dll+0x24bbfe]
V  [jvm.dll+0x29cc1a]
C  [msvcr100.dll+0x21d9f]
C  [msvcr100.dll+0x21e3b]
C  [KERNEL32.DLL+0x8364]
C  [ntdll.dll+0x67091]

VM_Operation (0x000000001ab3dc20): Exit, mode: safepoint, requested by thread 0x00000000196fd800


---------------  P R O C E S S  ---------------

Java Threads: ( => current thread )
  0x00000000199d8000 JavaThread "Thread-10" daemon [_thread_in_native, id=8872, stack(0x000000001d600000,0x000000001d700000)]
  0x00000000199d9800 JavaThread "Abandoned connection cleanup thread" daemon [_thread_blocked, id=11520, stack(0x0000000024d60000,0x0000000024e60000)]
  0x0000000019807800 JavaThread "commons-pool-EvictionTimer" daemon [_thread_blocked, id=11456, stack(0x00000000241d0000,0x00000000242d0000)]
  0x0000000019b83000 JavaThread "Thread-5" daemon [_thread_in_native, id=12664, stack(0x000000001c270000,0x000000001c370000)]
  0x0000000019a54000 JavaThread "TimerQueue" daemon [_thread_blocked, id=10516, stack(0x000000001f670000,0x000000001f770000)]
  0x0000000002bc0800 JavaThread "DestroyJavaVM" [_thread_blocked, id=7768, stack(0x00000000029e0000,0x0000000002ae0000)]
  0x00000000199f1000 JavaThread "Thread-2" [_thread_blocked, id=13464, stack(0x000000001e200000,0x000000001e300000)]
  0x00000000196fd800 JavaThread "AWT-EventQueue-0" [_thread_blocked, id=9696, stack(0x000000001aa40000,0x000000001ab40000)]
  0x00000000196dc800 JavaThread "AWT-Shutdown" [_thread_blocked, id=4032, stack(0x000000001a050000,0x000000001a150000)]
  0x00000000196db800 JavaThread "Java2D Disposer" daemon [_thread_blocked, id=13224, stack(0x0000000019f50000,0x000000001a050000)]
  0x000000001891c800 JavaThread "Service Thread" daemon [_thread_blocked, id=9356, stack(0x0000000019180000,0x0000000019280000)]
  0x000000001757a000 JavaThread "C1 CompilerThread2" daemon [_thread_blocked, id=13808, stack(0x0000000019080000,0x0000000019180000)]
  0x000000001754d000 JavaThread "C2 CompilerThread1" daemon [_thread_blocked, id=5036, stack(0x0000000018f80000,0x0000000019080000)]
  0x0000000017547000 JavaThread "C2 CompilerThread0" daemon [_thread_blocked, id=5392, stack(0x0000000018e80000,0x0000000018f80000)]
  0x00000000188c3000 JavaThread "Attach Listener" daemon [_thread_blocked, id=13596, stack(0x0000000018d80000,0x0000000018e80000)]
  0x00000000188c2800 JavaThread "Signal Dispatcher" daemon [_thread_blocked, id=2856, stack(0x0000000018c80000,0x0000000018d80000)]
  0x0000000002cba000 JavaThread "Finalizer" daemon [_thread_blocked, id=6248, stack(0x0000000018780000,0x0000000018880000)]
  0x00000000174f9000 JavaThread "Reference Handler" daemon [_thread_blocked, id=5044, stack(0x0000000018680000,0x0000000018780000)]

Other Threads:
=>0x00000000174f7000 VMThread [stack: 0x0000000018580000,0x0000000018680000] [id=6636]

VM state:at safepoint (shutting down)

VM Mutex/Monitor currently owned by a thread:  ([mutex/lock_event])
[0x0000000002bbc830] Threads_lock - owner thread: 0x00000000174f7000

Heap:
 PSYoungGen      total 36352K, used 35081K [0x00000000d7700000, 0x00000000d9f80000, 0x0000000100000000)
  eden space 31232K, 95% used [0x00000000d7700000,0x00000000d9442780,0x00000000d9580000)
  from space 5120K, 99% used [0x00000000d9580000,0x00000000d9a7fd60,0x00000000d9a80000)
  to   space 5120K, 0% used [0x00000000d9a80000,0x00000000d9a80000,0x00000000d9f80000)
 ParOldGen       total 83456K, used 10289K [0x0000000086400000, 0x000000008b580000, 0x00000000d7700000)
  object space 83456K, 12% used [0x0000000086400000,0x0000000086e0c4d8,0x000000008b580000)
 Metaspace       used 19127K, capacity 19350K, committed 19584K, reserved 1067008K
  class space    used 2251K, capacity 2350K, committed 2432K, reserved 1048576K

Card table byte_map: [0x0000000012080000,0x0000000012450000] byte_map_base: 0x0000000011c4e000

Marking Bits: (ParMarkBitMap*) 0x0000000070a7c720
 Begin Bits: [0x0000000012ae0000, 0x0000000014950000)
 End Bits:   [0x0000000014950000, 0x00000000167c0000)

Polling page: 0x0000000000e70000

CodeCache: size=245760Kb used=8073Kb max_used=8162Kb free=237686Kb
 bounds [0x0000000002cc0000, 0x00000000034d0000, 0x0000000011cc0000]
 total_blobs=3021 nmethods=2417 adapters=515
 compilation: enabled

Compilation events (10 events):
Event: 2610.506 Thread 0x000000001754d000 2692       4       java.beans.PropertyChangeSupport::fire (39 bytes)
Event: 2610.506 Thread 0x000000001757a000 2693       3       java.awt.Component::setAutoFocusTransferOnDisposal (6 bytes)
Event: 2610.506 Thread 0x000000001757a000 nmethod 2693 0x0000000003294fd0 code [0x0000000003295120, 0x0000000003295270]
Event: 2610.508 Thread 0x000000001754d000 nmethod 2692 0x00000000031a50d0 code [0x00000000031a5200, 0x00000000031a52d8]
Event: 2610.508 Thread 0x000000001757a000 2694       3       java.awt.Component::isFocusOwner (5 bytes)
Event: 2610.508 Thread 0x000000001757a000 nmethod 2694 0x00000000030d2a10 code [0x00000000030d2ba0, 0x00000000030d2fa8]
Event: 2610.638 Thread 0x000000001757a000 2695       3       java.util.logging.LogManager$LoggerContext::ensureDefaultLogger (70 bytes)
Event: 2610.639 Thread 0x000000001757a000 nmethod 2695 0x000000000315ae90 code [0x000000000315b040, 0x000000000315b8c8]
Event: 2610.639 Thread 0x000000001757a000 2696       1       java.util.concurrent.CopyOnWriteArrayList::getArray (5 bytes)
Event: 2610.639 Thread 0x000000001757a000 nmethod 2696 0x0000000003192a90 code [0x0000000003192be0, 0x0000000003192cf0]

GC Heap History (6 events):
Event: 6.145 GC heap before
{Heap before GC invocations=1 (full 0):
 PSYoungGen      total 36352K, used 31232K [0x00000000d7700000, 0x00000000d9f80000, 0x0000000100000000)
  eden space 31232K, 100% used [0x00000000d7700000,0x00000000d9580000,0x00000000d9580000)
  from space 5120K, 0% used [0x00000000d9a80000,0x00000000d9a80000,0x00000000d9f80000)
  to   space 5120K, 0% used [0x00000000d9580000,0x00000000d9580000,0x00000000d9a80000)
 ParOldGen       total 83456K, used 0K [0x0000000086400000, 0x000000008b580000, 0x00000000d7700000)
  object space 83456K, 0% used [0x0000000086400000,0x0000000086400000,0x000000008b580000)
 Metaspace       used 15148K, capacity 15384K, committed 15616K, reserved 1062912K
  class space    used 1893K, capacity 1992K, committed 2048K, reserved 1048576K
Event: 6.154 GC heap after
Heap after GC invocations=1 (full 0):
 PSYoungGen      total 36352K, used 5107K [0x00000000d7700000, 0x00000000d9f80000, 0x0000000100000000)
  eden space 31232K, 0% used [0x00000000d7700000,0x00000000d7700000,0x00000000d9580000)
  from space 5120K, 99% used [0x00000000d9580000,0x00000000d9a7cd90,0x00000000d9a80000)
  to   space 5120K, 0% used [0x00000000d9a80000,0x00000000d9a80000,0x00000000d9f80000)
 ParOldGen       total 83456K, used 2139K [0x0000000086400000, 0x000000008b580000, 0x00000000d7700000)
  object space 83456K, 2% used [0x0000000086400000,0x0000000086616f48,0x000000008b580000)
 Metaspace       used 15148K, capacity 15384K, committed 15616K, reserved 1062912K
  class space    used 1893K, capacity 1992K, committed 2048K, reserved 1048576K
}
Event: 415.360 GC heap before
{Heap before GC invocations=2 (full 0):
 PSYoungGen      total 36352K, used 36339K [0x00000000d7700000, 0x00000000d9f80000, 0x0000000100000000)
  eden space 31232K, 100% used [0x00000000d7700000,0x00000000d9580000,0x00000000d9580000)
  from space 5120K, 99% used [0x00000000d9580000,0x00000000d9a7cd90,0x00000000d9a80000)
  to   space 5120K, 0% used [0x00000000d9a80000,0x00000000d9a80000,0x00000000d9f80000)
 ParOldGen       total 83456K, used 2139K [0x0000000086400000, 0x000000008b580000, 0x00000000d7700000)
  object space 83456K, 2% used [0x0000000086400000,0x0000000086616f48,0x000000008b580000)
 Metaspace       used 18711K, capacity 18934K, committed 19328K, reserved 1067008K
  class space    used 2236K, capacity 2318K, committed 2432K, reserved 1048576K
Event: 415.371 GC heap after
Heap after GC invocations=2 (full 0):
 PSYoungGen      total 36352K, used 5103K [0x00000000d7700000, 0x00000000d9f80000, 0x0000000100000000)
  eden space 31232K, 0% used [0x00000000d7700000,0x00000000d7700000,0x00000000d9580000)
  from space 5120K, 99% used [0x00000000d9a80000,0x00000000d9f7bd70,0x00000000d9f80000)
  to   space 5120K, 0% used [0x00000000d9580000,0x00000000d9580000,0x00000000d9a80000)
 ParOldGen       total 83456K, used 6961K [0x0000000086400000, 0x000000008b580000, 0x00000000d7700000)
  object space 83456K, 8% used [0x0000000086400000,0x0000000086acc4d8,0x000000008b580000)
 Metaspace       used 18711K, capacity 18934K, committed 19328K, reserved 1067008K
  class space    used 2236K, capacity 2318K, committed 2432K, reserved 1048576K
}
Event: 1544.262 GC heap before
{Heap before GC invocations=3 (full 0):
 PSYoungGen      total 36352K, used 36335K [0x00000000d7700000, 0x00000000d9f80000, 0x0000000100000000)
  eden space 31232K, 100% used [0x00000000d7700000,0x00000000d9580000,0x00000000d9580000)
  from space 5120K, 99% used [0x00000000d9a80000,0x00000000d9f7bd70,0x00000000d9f80000)
  to   space 5120K, 0% used [0x00000000d9580000,0x00000000d9580000,0x00000000d9a80000)
 ParOldGen       total 83456K, used 6961K [0x0000000086400000, 0x000000008b580000, 0x00000000d7700000)
  object space 83456K, 8% used [0x0000000086400000,0x0000000086acc4d8,0x000000008b580000)
 Metaspace       used 18894K, capacity 19158K, committed 19328K, reserved 1067008K
  class space    used 2242K, capacity 2350K, committed 2432K, reserved 1048576K
Event: 1544.277 GC heap after
Heap after GC invocations=3 (full 0):
 PSYoungGen      total 36352K, used 5119K [0x00000000d7700000, 0x00000000d9f80000, 0x0000000100000000)
  eden space 31232K, 0% used [0x00000000d7700000,0x00000000d7700000,0x00000000d9580000)
  from space 5120K, 99% used [0x00000000d9580000,0x00000000d9a7fd60,0x00000000d9a80000)
  to   space 5120K, 0% used [0x00000000d9a80000,0x00000000d9a80000,0x00000000d9f80000)
 ParOldGen       total 83456K, used 10289K [0x0000000086400000, 0x000000008b580000, 0x00000000d7700000)
  object space 83456K, 12% used [0x0000000086400000,0x0000000086e0c4d8,0x000000008b580000)
 Metaspace       used 18894K, capacity 19158K, committed 19328K, reserved 1067008K
  class space    used 2242K, capacity 2350K, committed 2432K, reserved 1048576K
}

Deoptimization events (10 events):
Event: 1816.867 Thread 0x00000000199f1000 Uncommon trap: reason=unstable_if action=reinterpret pc=0x0000000002fd3860 method=com.alibaba.fastjson.parser.JSONScanner.next()C @ 18
Event: 1817.128 Thread 0x00000000199f1000 Uncommon trap: reason=unstable_if action=reinterpret pc=0x00000000034476fc method=sun.nio.cs.UTF_8$Encoder.encodeArrayLoop(Ljava/nio/CharBuffer;Ljava/nio/ByteBuffer;)Ljava/nio/charset/CoderResult; @ 400
Event: 1833.817 Thread 0x00000000196fd800 Uncommon trap: reason=class_check action=maybe_recompile pc=0x0000000003331ea0 method=java.awt.Component.dispatchEventImpl(Ljava/awt/AWTEvent;)V @ 473
Event: 2610.491 Thread 0x00000000196fd800 Uncommon trap: reason=unstable_if action=reinterpret pc=0x000000000346fd48 method=java.awt.Component.dispatchEventImpl(Ljava/awt/AWTEvent;)V @ 825
Event: 2610.543 Thread 0x00000000196df000 Uncommon trap: reason=unstable_if action=reinterpret pc=0x000000000338c9b8 method=sun.awt.AWTAutoShutdown.isReadyToShutdown()Z @ 16
Event: 2610.543 Thread 0x00000000196dc800 Uncommon trap: reason=unstable_if action=reinterpret pc=0x000000000326cfb0 method=sun.awt.AWTAutoShutdown.isReadyToShutdown()Z @ 16
Event: 2610.577 Thread 0x0000000019b83000 Uncommon trap: reason=unstable_if action=reinterpret pc=0x000000000330c02c method=sun.awt.AWTAutoShutdown.isReadyToShutdown()Z @ 16
Event: 2610.636 Thread 0x00000000199d7800 Uncommon trap: reason=unstable_if action=reinterpret pc=0x00000000032c24b0 method=java.util.concurrent.locks.ReentrantLock$Sync.tryRelease(I)Z @ 14
Event: 2610.638 Thread 0x00000000196df000 Uncommon trap: reason=unstable_if action=reinterpret pc=0x0000000003156760 method=sun.awt.AWTAutoShutdown.isReadyToShutdown()Z @ 16
Event: 2610.639 Thread 0x00000000196df000 Uncommon trap: reason=unstable_if action=reinterpret pc=0x00000000033048fc method=sun.awt.AWTAutoShutdown.isReadyToShutdown()Z @ 16

Internal exceptions (10 events):
Event: 5.900 Thread 0x00000000199f1000 Exception <a 'java/lang/ArrayIndexOutOfBoundsException'> (0x00000000d8e5ca68) thrown at [C:\re\workspace\8-2-build-windows-amd64-cygwin\jdk8u131\8869\hotspot\src\share\vm\runtime\sharedRuntime.cpp, line 605]
Event: 5.900 Thread 0x00000000199f1000 Exception <a 'java/lang/ArrayIndexOutOfBoundsException'> (0x00000000d8e5dcd0) thrown at [C:\re\workspace\8-2-build-windows-amd64-cygwin\jdk8u131\8869\hotspot\src\share\vm\runtime\sharedRuntime.cpp, line 605]
Event: 5.900 Thread 0x00000000199f1000 Exception <a 'java/lang/ArrayIndexOutOfBoundsException'> (0x00000000d8e5f648) thrown at [C:\re\workspace\8-2-build-windows-amd64-cygwin\jdk8u131\8869\hotspot\src\share\vm\runtime\sharedRuntime.cpp, line 605]
Event: 5.905 Thread 0x00000000199f1000 Exception <a 'java/lang/ArrayIndexOutOfBoundsException'> (0x00000000d8e85818) thrown at [C:\re\workspace\8-2-build-windows-amd64-cygwin\jdk8u131\8869\hotspot\src\share\vm\runtime\sharedRuntime.cpp, line 605]
Event: 5.909 Thread 0x00000000199f1000 Exception <a 'java/lang/ArrayIndexOutOfBoundsException'> (0x00000000d8e93768) thrown at [C:\re\workspace\8-2-build-windows-amd64-cygwin\jdk8u131\8869\hotspot\src\share\vm\runtime\sharedRuntime.cpp, line 605]
Event: 5.915 Thread 0x00000000199f1000 Exception <a 'java/lang/ArrayIndexOutOfBoundsException'> (0x00000000d8ec23f8) thrown at [C:\re\workspace\8-2-build-windows-amd64-cygwin\jdk8u131\8869\hotspot\src\share\vm\runtime\sharedRuntime.cpp, line 605]
Event: 5.917 Thread 0x00000000199f1000 Exception <a 'java/lang/ArrayIndexOutOfBoundsException'> (0x00000000d8eca398) thrown at [C:\re\workspace\8-2-build-windows-amd64-cygwin\jdk8u131\8869\hotspot\src\share\vm\runtime\sharedRuntime.cpp, line 605]
Event: 324.598 Thread 0x00000000196fd800 Implicit null exception at 0x00000000032b26c5 to 0x00000000032b2bc4
Event: 324.598 Thread 0x00000000196fd800 Implicit null exception at 0x0000000003285119 to 0x000000000328552f
Event: 2610.490 Thread 0x00000000196fd800 Implicit null exception at 0x000000000346b161 to 0x000000000346fd39

Events (10 events):
Event: 2610.638 Executing VM operation: RevokeBias done
Event: 2610.638 Executing VM operation: RevokeBias
Event: 2610.638 Executing VM operation: RevokeBias done
Event: 2610.638 Thread 0x00000000199d5800 Thread exited: 0x00000000199d5800
Event: 2610.639 Thread 0x00000000196df000 Uncommon trap: trap_request=0xffffff65 fr.pc=0x00000000033048fc
Event: 2610.639 Thread 0x00000000196df000 DEOPT PACKING pc=0x00000000033048fc sp=0x000000001a24ea90
Event: 2610.639 Thread 0x00000000196df000 DEOPT UNPACKING pc=0x0000000002d0582a sp=0x000000001a24ea00 mode 2
Event: 2610.640 Thread 0x00000000196df000 Thread exited: 0x00000000196df000
Event: 2610.738 Thread 0x00000000199d9000 Thread exited: 0x00000000199d9000
Event: 2610.739 Executing VM operation: Exit


Dynamic libraries:
0x00007ff6ee460000 - 0x00007ff6ee497000 	D:\Program Files\Java\jre\bin\javaw.exe
0x00007fff73b50000 - 0x00007fff73d22000 	C:\WINDOWS\SYSTEM32\ntdll.dll
0x00007fff71770000 - 0x00007fff7181c000 	C:\WINDOWS\System32\KERNEL32.DLL
0x00007fff70af0000 - 0x00007fff70d0d000 	C:\WINDOWS\System32\KERNELBASE.dll
0x00007fff71880000 - 0x00007fff71922000 	C:\WINDOWS\System32\ADVAPI32.dll
0x00007fff73970000 - 0x00007fff73a0e000 	C:\WINDOWS\System32\msvcrt.dll
0x00007fff71820000 - 0x00007fff71879000 	C:\WINDOWS\System32\sechost.dll
0x00007fff70f20000 - 0x00007fff71041000 	C:\WINDOWS\System32\RPCRT4.dll
0x00007fff734d0000 - 0x00007fff73635000 	C:\WINDOWS\System32\USER32.dll
0x00007fff70790000 - 0x00007fff707ae000 	C:\WINDOWS\System32\win32u.dll
0x00007fff73a10000 - 0x00007fff73a44000 	C:\WINDOWS\System32\GDI32.dll
0x00007fff70510000 - 0x00007fff70690000 	C:\WINDOWS\System32\gdi32full.dll
0x00007fff676f0000 - 0x00007fff6796a000 	C:\WINDOWS\WinSxS\amd64_microsoft.windows.common-controls_6595b64144ccf1df_6.0.14393.953_none_42151e83c686086b\COMCTL32.dll
0x00007fff73200000 - 0x00007fff734c8000 	C:\WINDOWS\System32\combase.dll
0x00007fff70690000 - 0x00007fff70785000 	C:\WINDOWS\System32\ucrtbase.dll
0x00007fff707b0000 - 0x00007fff7081a000 	C:\WINDOWS\System32\bcryptPrimitives.dll
0x00007fff71ab0000 - 0x00007fff71ade000 	C:\WINDOWS\System32\IMM32.DLL
0x00000000700d0000 - 0x00000000701a2000 	D:\Program Files\Java\jre\bin\msvcr100.dll
0x0000000070260000 - 0x0000000070afc000 	D:\Program Files\Java\jre\bin\server\jvm.dll
0x00007fff6fe00000 - 0x00007fff6fe23000 	C:\WINDOWS\System32\WINMM.dll
0x00007fff6fd90000 - 0x00007fff6fdbb000 	C:\WINDOWS\System32\WINMMBASE.dll
0x00007fff708d0000 - 0x00007fff70912000 	C:\WINDOWS\System32\cfgmgr32.dll
0x00007fff73900000 - 0x00007fff73908000 	C:\WINDOWS\System32\PSAPI.DLL
0x00007fff6ccc0000 - 0x00007fff6ccc9000 	C:\WINDOWS\SYSTEM32\WSOCK32.dll
0x00007fff67a60000 - 0x00007fff67a6a000 	C:\WINDOWS\SYSTEM32\VERSION.dll
0x00007fff710f0000 - 0x00007fff7115a000 	C:\WINDOWS\System32\WS2_32.dll
0x0000000070ba0000 - 0x0000000070baf000 	D:\Program Files\Java\jre\bin\verify.dll
0x0000000070b70000 - 0x0000000070b99000 	D:\Program Files\Java\jre\bin\java.dll
0x0000000070b50000 - 0x0000000070b66000 	D:\Program Files\Java\jre\bin\zip.dll
0x00007fff71ba0000 - 0x00007fff730a9000 	C:\WINDOWS\System32\SHELL32.dll
0x00007fff6fe30000 - 0x00007fff70509000 	C:\WINDOWS\System32\windows.storage.dll
0x00007fff70dc0000 - 0x00007fff70e0c000 	C:\WINDOWS\System32\powrprof.dll
0x00007fff73910000 - 0x00007fff73962000 	C:\WINDOWS\System32\shlwapi.dll
0x00007fff6fdc0000 - 0x00007fff6fdcf000 	C:\WINDOWS\System32\kernel.appcore.dll
0x00007fff70d10000 - 0x00007fff70db9000 	C:\WINDOWS\System32\shcore.dll
0x00007fff6fdd0000 - 0x00007fff6fde4000 	C:\WINDOWS\System32\profapi.dll
0x000000006ff20000 - 0x00000000700b8000 	D:\Program Files\Java\JRE\bin\awt.dll
0x00007fff736a0000 - 0x00007fff7375f000 	C:\WINDOWS\System32\OLEAUT32.dll
0x00007fff70820000 - 0x00007fff708bc000 	C:\WINDOWS\System32\msvcp_win.dll
0x00007fff6e3e0000 - 0x00007fff6e45a000 	C:\WINDOWS\SYSTEM32\apphelp.dll
0x00007fff6dcc0000 - 0x00007fff6dce6000 	C:\WINDOWS\system32\DWMAPI.DLL
0x00007fff6e5c0000 - 0x00007fff6e655000 	C:\WINDOWS\system32\uxtheme.dll
0x00007fff5bfc0000 - 0x00007fff5c0e3000 	C:\WINDOWS\system32\opengl32.dll
0x00007fff711d0000 - 0x00007fff712c7000 	C:\WINDOWS\System32\DDRAW.dll
0x00007fff708c0000 - 0x00007fff708c8000 	C:\WINDOWS\System32\DCIMAN32.dll
0x00007fff5cb70000 - 0x00007fff5cb9d000 	C:\WINDOWS\SYSTEM32\GLU32.dll
0x00007fff71930000 - 0x00007fff71a8a000 	C:\WINDOWS\System32\MSCTF.dll
0x00007fff730c0000 - 0x00007fff731f8000 	C:\WINDOWS\System32\ole32.dll
0x0000000071290000 - 0x0000000071297000 	D:\Program Files\Java\JRE\bin\jawt.dll
0x00007fff63460000 - 0x00007fff634f4000 	E:\20180301\javacef3\cef3lib\chrome_elf.dll
0x00007fff30520000 - 0x00007fff361c1000 	E:\20180301\javacef3\cef3lib\libcef.dll
0x00007fff70ec0000 - 0x00007fff70f15000 	C:\WINDOWS\System32\WINTRUST.dll
0x00007fff6fdf0000 - 0x00007fff6fe00000 	C:\WINDOWS\System32\MSASN1.dll
0x00007fff70920000 - 0x00007fff70ae9000 	C:\WINDOWS\System32\CRYPT32.dll
0x00007fff73a50000 - 0x00007fff73b4a000 	C:\WINDOWS\System32\COMDLG32.dll
0x00007fff71a90000 - 0x00007fff71aa9000 	C:\WINDOWS\System32\USP10.dll
0x00007fff63ba0000 - 0x00007fff63bb8000 	C:\WINDOWS\SYSTEM32\NETAPI32.dll
0x00007fff6f4b0000 - 0x00007fff6f4cf000 	C:\WINDOWS\SYSTEM32\USERENV.dll
0x00007fff5cf90000 - 0x00007fff5cff5000 	C:\WINDOWS\SYSTEM32\OLEACC.dll
0x00007fff6ed60000 - 0x00007fff6ed6c000 	C:\WINDOWS\SYSTEM32\HID.DLL
0x00007fff6ca60000 - 0x00007fff6cbf2000 	C:\WINDOWS\SYSTEM32\dbghelp.dll
0x00007fff61b40000 - 0x00007fff61bd8000 	C:\WINDOWS\SYSTEM32\CRYPTUI.dll
0x00007fff687b0000 - 0x00007fff687ca000 	C:\WINDOWS\SYSTEM32\dhcpcsvc.DLL
0x00007fff71700000 - 0x00007fff71708000 	C:\WINDOWS\System32\NSI.dll
0x00007fff6f3b0000 - 0x00007fff6f3e8000 	C:\WINDOWS\SYSTEM32\IPHLPAPI.DLL
0x00007fff6f910000 - 0x00007fff6f936000 	C:\WINDOWS\SYSTEM32\ncrypt.dll
0x00007fff62d90000 - 0x00007fff62d9c000 	C:\WINDOWS\SYSTEM32\Secur32.dll
0x00007fff62610000 - 0x00007fff627d2000 	C:\WINDOWS\SYSTEM32\urlmon.dll
0x00007fff639c0000 - 0x00007fff63a8d000 	C:\WINDOWS\SYSTEM32\WINHTTP.dll
0x00007fff65180000 - 0x00007fff653e9000 	C:\WINDOWS\SYSTEM32\DWrite.dll
0x00007fff59970000 - 0x00007fff59afd000 	C:\WINDOWS\SYSTEM32\d3d9.dll
0x00007fff6ccd0000 - 0x00007fff6cf86000 	C:\WINDOWS\SYSTEM32\d3d11.dll
0x00007fff69480000 - 0x00007fff694a3000 	C:\WINDOWS\SYSTEM32\dxva2.dll
0x00007fff6daa0000 - 0x00007fff6dab3000 	C:\WINDOWS\SYSTEM32\WTSAPI32.dll
0x00007fff6ee00000 - 0x00007fff6ee9f000 	C:\WINDOWS\SYSTEM32\dxgi.dll
0x00007fff67660000 - 0x00007fff676e6000 	C:\WINDOWS\SYSTEM32\WINSPOOL.DRV
0x00007fff6fcd0000 - 0x00007fff6fcfb000 	C:\WINDOWS\SYSTEM32\bcrypt.dll
0x00007fff6f8d0000 - 0x00007fff6f90b000 	C:\WINDOWS\SYSTEM32\NTASN1.dll
0x00007fff657f0000 - 0x00007fff65a95000 	C:\WINDOWS\SYSTEM32\iertutil.dll
0x00007fff6f7f0000 - 0x00007fff6f7fb000 	C:\WINDOWS\SYSTEM32\CRYPTBASE.DLL
0x00007fff69270000 - 0x00007fff69289000 	C:\WINDOWS\SYSTEM32\SAMCLI.DLL
0x00007fff6f4a0000 - 0x00007fff6f4ad000 	C:\WINDOWS\SYSTEM32\NETUTILS.DLL
0x00007fff6fa30000 - 0x00007fff6fa5c000 	C:\WINDOWS\SYSTEM32\SSPICLI.DLL
0x00007fff60e00000 - 0x00007fff60ee4000 	E:\20180301\javacef3\cef3lib\jcef.dll
0x00007fff6a2d0000 - 0x00007fff6a2e8000 	C:\WINDOWS\system32\NLAapi.dll
0x00007fff687d0000 - 0x00007fff687e6000 	C:\WINDOWS\SYSTEM32\dhcpcsvc6.DLL
0x00007fff712d0000 - 0x00007fff716f9000 	C:\WINDOWS\System32\SETUPAPI.dll
0x00007fff6eac0000 - 0x00007fff6eae8000 	C:\WINDOWS\SYSTEM32\DEVOBJ.dll
0x00007fff68ba0000 - 0x00007fff68c34000 	C:\WINDOWS\system32\audioses.dll
0x00007fff6d0a0000 - 0x00007fff6d1d6000 	C:\WINDOWS\SYSTEM32\wintypes.dll
0x00007fff69d40000 - 0x00007fff69db1000 	C:\WINDOWS\system32\MMDevAPI.DLL
0x00007fff6dac0000 - 0x00007fff6dc45000 	C:\WINDOWS\system32\PROPSYS.dll
0x00007fff71050000 - 0x00007fff710ef000 	C:\WINDOWS\System32\clbcatq.dll
0x00007fff64320000 - 0x00007fff643b1000 	C:\WINDOWS\SYSTEM32\mscms.dll
0x00007fff646a0000 - 0x00007fff646e2000 	C:\WINDOWS\SYSTEM32\icm32.dll
0x00007fff65570000 - 0x00007fff655d2000 	C:\WINDOWS\system32\wlanapi.dll
0x0000000070b00000 - 0x0000000070b47000 	D:\Program Files\Java\JRE\bin\fontmanager.dll
0x0000000070240000 - 0x000000007025a000 	D:\Program Files\Java\JRE\bin\net.dll
0x00007fff6f630000 - 0x00007fff6f68c000 	C:\WINDOWS\system32\mswsock.dll
0x0000000070220000 - 0x0000000070231000 	D:\Program Files\Java\JRE\bin\nio.dll
0x000000006fed0000 - 0x000000006ff12000 	D:\Program Files\Java\JRE\bin\t2k.dll
0x00007fff6d810000 - 0x00007fff6d9b8000 	C:\WINDOWS\SYSTEM32\WindowsCodecs.dll
0x00007fff5ea20000 - 0x00007fff5ea69000 	C:\WINDOWS\system32\dataexchange.dll
0x00007fff6de70000 - 0x00007fff6dfc1000 	C:\WINDOWS\system32\dcomp.dll
0x00007fff6e890000 - 0x00007fff6e9ac000 	C:\WINDOWS\system32\twinapi.appcore.dll
0x0000000071260000 - 0x000000007128a000 	D:\Program Files\Java\JRE\bin\dcpr.dll
0x00007fff53440000 - 0x00007fff5363e000 	C:\WINDOWS\system32\sogoutsf.ime
0x00007fff67970000 - 0x00007fff67977000 	C:\WINDOWS\system32\MSIMG32.dll
0x00007fff6f870000 - 0x00007fff6f8c6000 	C:\WINDOWS\SYSTEM32\WINSTA.dll
0x00007fff52a50000 - 0x00007fff53321000 	C:\WINDOWS\system32\SogouPy.ime
0x00007fff6eb30000 - 0x00007fff6eb62000 	C:\WINDOWS\SYSTEM32\ntmarta.dll
0x0000000020ef0000 - 0x0000000020fab000 	d:\Program Files (x86)\SogouInput\8.8.0.1803\Resource.dll
0x00007fff516d0000 - 0x00007fff51937000 	d:\Program Files (x86)\SogouInput\Components\PicFace\1.1.0.1787\PicFace64.dll
0x00007fff62ad0000 - 0x00007fff62ae6000 	C:\WINDOWS\system32\napinsp.dll
0x00007fff62af0000 - 0x00007fff62b0a000 	C:\WINDOWS\system32\pnrpnsp.dll
0x00007fff6f3f0000 - 0x00007fff6f491000 	C:\WINDOWS\SYSTEM32\DNSAPI.dll
0x00007fff62c90000 - 0x00007fff62c9e000 	C:\WINDOWS\System32\winrnr.dll
0x00007fff62b10000 - 0x00007fff62b25000 	C:\WINDOWS\System32\wshbth.dll
0x0000000071300000 - 0x0000000071326000 	C:\Program Files\Bonjour\mdnsNSP.dll
0x00007fff638e0000 - 0x00007fff638ea000 	C:\Windows\System32\rasadhlp.dll
0x00007fff688c0000 - 0x00007fff6892a000 	C:\WINDOWS\System32\fwpuclnt.dll
0x00000000700c0000 - 0x00000000700cd000 	D:\Program Files\Java\JRE\bin\management.dll
0x00007fff5b810000 - 0x00007fff5b88d000 	C:\WINDOWS\system32\twinapi.dll
0x00007fff5cf80000 - 0x00007fff5cf89000 	C:\WINDOWS\SYSTEM32\atlthunk.dll
0x00007fff6f7d0000 - 0x00007fff6f7e7000 	C:\WINDOWS\SYSTEM32\CRYPTSP.dll
0x00007fff6f230000 - 0x00007fff6f263000 	C:\WINDOWS\system32\rsaenh.dll
0x00007fff6ed70000 - 0x00007fff6ed93000 	C:\WINDOWS\SYSTEM32\gpapi.dll
0x00007fff69ce0000 - 0x00007fff69d0f000 	C:\Windows\System32\cryptnet.dll

VM Arguments:
jvm_args: -Djava.library.path=E:\20180301\javacef3\cef3lib -Dfile.encoding=UTF-8 
java_command: tests.detailed.MainFrame
java_class_path (initial): E:\20180301\javacef3\bin;E:\20180301\javacef3\lib\commons-pool2-2.4.2.jar;E:\20180301\javacef3\lib\fastjson-1.2.31.jar;E:\20180301\javacef3\lib\gluegen-rt-natives-windows-amd64.jar;E:\20180301\javacef3\lib\gluegen-rt.jar;E:\20180301\javacef3\lib\jedis-2.9.0.jar;E:\20180301\javacef3\lib\jogl-all-natives-windows-amd64.jar;E:\20180301\javacef3\lib\jogl-all.jar;E:\20180301\javacef3\lib\mysql-connector-java-5.1.44-bin.jar
Launcher Type: SUN_STANDARD

Environment Variables:
JAVA_HOME=D:\Program Files\Java\jdk1.8.0_131
CLASSPATH=.;D:\Program Files\Java\jdk1.8.0_131\lib;D:\Program Files\Java\jdk1.8.0_131\lib\tools.jar
PATH=D:/Program Files/Java/JRE/bin/server;D:/Program Files/Java/JRE/bin;D:/Program Files/Java/JRE/lib/amd64;C:\Program Files\Docker\Docker\Resources\bin;C:\ProgramData\Oracle\Java\javapath;C:\WINDOWS\system32;C:\WINDOWS;C:\WINDOWS\System32\Wbem;C:\WINDOWS\System32\WindowsPowerShell\v1.0\;D:\Èí¼þ\apache-maven-3.3.3-bin\apache-maven-3.3.3-bin\apache-maven-3.3.3\bin;D:\Program Files\MySQL\MySQL Server 5.5\bin;D:\Program Files (x86)\apache-ant-1.9.7\bin;D:\Program Files\Java\jdk1.8.0_131\bin;D:\Program Files\Java\jdk1.8.0_131\jre\bin;C:\Program Files (x86)\Microsoft SQL Server\80\Tools\Binn\;C:\Users\lb\AppData\Local\Microsoft\WindowsApps;;D:\Program Files (x86)\eclipse;
USERNAME=lb
OS=Windows_NT
PROCESSOR_IDENTIFIER=Intel64 Family 6 Model 61 Stepping 4, GenuineIntel



---------------  S Y S T E M  ---------------

OS: Windows 10.0 , 64 bit Build 14393 (10.0.14393.1198)

CPU:total 4 (initial active 4) (2 cores per cpu, 2 threads per core) family 6 model 61 stepping 4, cmov, cx8, fxsr, mmx, sse, sse2, sse3, ssse3, sse4.1, sse4.2, popcnt, avx, avx2, aes, clmul, erms, rtm, 3dnowpref, lzcnt, ht, tsc, tscinvbit, bmi1, bmi2, adx

Memory: 4k page, physical 7972104k(3612176k free), swap 9217288k(2084816k free)

vm_info: Java HotSpot(TM) 64-Bit Server VM (25.131-b11) for windows-amd64 JRE (1.8.0_131-b11), built on Mar 15 2017 01:23:53 by "java_re" with MS VC++ 10.0 (VS2010)

time: Fri Mar 02 15:49:40 2018
elapsed time: 2611 seconds (0d 0h 43m 31s)

