#
# A fatal error has been detected by the Java Runtime Environment:
#
#  EXCEPTION_ACCESS_VIOLATION (0xc0000005) at pc=0x00007ff9d98ffd8a, pid=22456, tid=22124
#
# JRE version: Java(TM) SE Runtime Environment (8.0_60-b27) (build 1.8.0_60-b27)
# Java VM: Java HotSpot(TM) 64-Bit Server VM (25.60-b23 mixed mode windows-amd64 compressed oops)
# Problematic frame:
# C  [jcef.dll+0x1fd8a]
#
# Failed to write core dump. Minidumps are not enabled by default on client versions of Windows
#
# If you would like to submit a bug report, please visit:
#   http://bugreport.java.com/bugreport/crash.jsp
#

---------------  T H R E A D  ---------------

Current thread (0x00000000196e7000):  VMThread [stack: 0x000000001a780000,0x000000001a880000] [id=22124]

siginfo: ExceptionCode=0xc0000005, reading address 0x00000000000000b0

Registers:
RAX=0x0000000000000000, RBX=0x0000000000000001, RCX=0x00000000196e71f8, RDX=0x000000001ac85388
RSP=0x000000001a87ee10, RBP=0x00003bf828af2395, RSI=0x00007ff9d99b41b0, RDI=0x0000000002b6b230
R8 =0x0000000000000001, R9 =0x0000000000000000, R10=0x000000001a87ee58, R11=0x000000001a87eda0
R12=0x0000000002b431a0, R13=0x0000000002b43140, R14=0x000000001a87f1b0, R15=0x0000000000000001
RIP=0x00007ff9d98ffd8a, EFLAGS=0x0000000000010202

Top of Stack: (sp=0x000000001a87ee10)
0x000000001a87ee10:   0000000000000001 00007ff9a2a286ef
0x000000001a87ee20:   000000001a87eee0 000000001a87ee90
0x000000001a87ee30:   fffffffffffffffe 0000000000000000
0x000000001a87ee40:   0000000002b6b1c0 00007ff9d98ffed5
0x000000001a87ee50:   0000000000000001 00000000196e71f8
0x000000001a87ee60:   0000000000000001 0000000000000000
0x000000001a87ee70:   00000000295baff0 00007ff9d9901ce4
0x000000001a87ee80:   00000000216876d0 00007ffa09de67d6
0x000000001a87ee90:   0000000002b43140 00000000295f7540
0x000000001a87eea0:   0000000020a8cd90 00007ff9d992dd62
0x000000001a87eeb0:   00000000294cfef0 00000000295f7540
0x000000001a87eec0:   000000001d8728d0 00007ff9d99b41b0
0x000000001a87eed0:   00000000295676d0 00007ff9d992f3a2
0x000000001a87eee0:   0000000002b431a0 00000000294cfed0
0x000000001a87eef0:   0000000002b43140 00007ff9d99b41b0
0x000000001a87ef00:   0000000000000001 00007ff9a24c034c 

Instructions: (pc=0x00007ff9d98ffd8a)
0x00007ff9d98ffd6a:   48 8d 4c 24 48 e8 fc 8c 00 00 90 85 c0 75 23 48
0x00007ff9d98ffd7a:   8b 4c 24 48 48 85 c9 74 19 48 8b 01 48 8b 57 a0
0x00007ff9d98ffd8a:   ff 90 b0 00 00 00 90 48 8d 4c 24 40 e8 75 80 00
0x00007ff9d98ffd9a:   00 90 48 8d 4f c8 e8 2b 88 02 00 90 4c 8b 47 b8 


Register to memory mapping:

RAX=0x0000000000000000 is an unknown value
RBX=0x0000000000000001 is an unknown value
RCX=0x00000000196e71f8 is an unknown value
RDX=0x000000001ac85388 is a global jni handle
RSP=0x000000001a87ee10 is an unknown value
RBP=0x00003bf828af2395 is an unknown value
RSI=0x00007ff9d99b41b0 is an unknown value
RDI=0x0000000002b6b230 is an unknown value
R8 =0x0000000000000001 is an unknown value
R9 =0x0000000000000000 is an unknown value
R10=0x000000001a87ee58 is an unknown value
R11=0x000000001a87eda0 is an unknown value
R12=0x0000000002b431a0 is an unknown value
R13=0x0000000002b43140 is an unknown value
R14=0x000000001a87f1b0 is an unknown value
R15=0x0000000000000001 is an unknown value


Stack: [0x000000001a780000,0x000000001a880000],  sp=0x000000001a87ee10,  free space=1019k
Native frames: (J=compiled Java code, j=interpreted, Vv=VM code, C=native code)
C  [jcef.dll+0x1fd8a]
C  [jcef.dll+0x1fed5]
C  [jcef.dll+0x21ce4]
C  [jcef.dll+0x4dd62]
C  [jcef.dll+0x4f3a2]
C  [libcef.dll+0x199034c]
C  [libcef.dll+0x2588ae5]
C  [libcef.dll+0x2588d18]
C  [libcef.dll+0x25917b0]
C  [libcef.dll+0x1998bd2]
C  [libcef.dll+0x19abc07]
C  [jcef.dll+0x583f8]
C  [jcef.dll+0x39c1d]
C  [jcef.dll+0x39ff0]
C  [jcef.dll+0x8b354]
C  [jcef.dll+0x74830]
C  [jcef.dll+0x74599]
C  [jcef.dll+0x7491d]
C  [jcef.dll+0x73d7c]
C  [jcef.dll+0x73ce5]
C  [jcef.dll+0x73e7f]
C  [jcef.dll+0x68b9b]
C  [jcef.dll+0x6939a]
C  [jcef.dll+0x69490]
C  [ntdll.dll+0x11493]
C  [ntdll.dll+0x406b5]
C  [ntdll.dll+0x40574]
C  [KERNEL32.DLL+0xf06a]
C  [msvcr100.dll+0x20ccd]
V  [jvm.dll+0x210a25]
V  [jvm.dll+0x249747]
V  [jvm.dll+0x2489e6]
V  [jvm.dll+0x248e81]
V  [jvm.dll+0x24909e]
V  [jvm.dll+0x299f6a]
C  [msvcr100.dll+0x21d9f]
C  [msvcr100.dll+0x21e3b]
C  [KERNEL32.DLL+0x11fe4]
C  [ntdll.dll+0x6efb1]

VM_Operation (0x000000001d7ddf50): Exit, mode: safepoint, requested by thread 0x000000001bd44000


---------------  P R O C E S S  ---------------

Java Threads: ( => current thread )
  0x000000001c2f8000 JavaThread "Thread-10" daemon [_thread_in_native, id=7416, stack(0x0000000020440000,0x0000000020540000)]
  0x000000001c2f8800 JavaThread "Abandoned connection cleanup thread" daemon [_thread_blocked, id=17904, stack(0x0000000026f20000,0x0000000027020000)]
  0x000000001c09a000 JavaThread "commons-pool-EvictionTimer" daemon [_thread_blocked, id=8896, stack(0x0000000026300000,0x0000000026400000)]
  0x000000001bd49800 JavaThread "Thread-5" daemon [_thread_in_native, id=11468, stack(0x000000001f1a0000,0x000000001f2a0000)]
  0x000000001c052000 JavaThread "TimerQueue" daemon [_thread_blocked, id=21236, stack(0x0000000021790000,0x0000000021890000)]
  0x0000000004cb2800 JavaThread "DestroyJavaVM" [_thread_blocked, id=19840, stack(0x0000000004840000,0x0000000004940000)]
  0x000000001befd800 JavaThread "Thread-2" [_thread_blocked, id=17100, stack(0x00000000211d0000,0x00000000212d0000)]
  0x000000001bd44000 JavaThread "AWT-EventQueue-0" [_thread_blocked, id=13064, stack(0x000000001d6e0000,0x000000001d7e0000)]
  0x000000001bcd7000 JavaThread "AWT-Shutdown" [_thread_blocked, id=22476, stack(0x000000001c680000,0x000000001c780000)]
  0x000000001bcd0800 JavaThread "Java2D Disposer" daemon [_thread_blocked, id=10288, stack(0x000000001c4d0000,0x000000001c5d0000)]
  0x000000001ad21000 JavaThread "Service Thread" daemon [_thread_blocked, id=17832, stack(0x000000001bad0000,0x000000001bbd0000)]
  0x000000001acaa800 JavaThread "C1 CompilerThread2" daemon [_thread_blocked, id=20656, stack(0x000000001b9d0000,0x000000001bad0000)]
  0x000000001aca9800 JavaThread "C2 CompilerThread1" daemon [_thread_blocked, id=1624, stack(0x000000001b8d0000,0x000000001b9d0000)]
  0x000000001aca7800 JavaThread "C2 CompilerThread0" daemon [_thread_blocked, id=19008, stack(0x000000001b7d0000,0x000000001b8d0000)]
  0x000000001ac94000 JavaThread "JDWP Event Helper Thread" daemon [_thread_blocked, id=11720, stack(0x000000001b5d0000,0x000000001b6d0000)]
  0x000000001ac87000 JavaThread "JDWP Transport Listener: dt_socket" daemon [_thread_blocked, id=18752, stack(0x000000001b100000,0x000000001b200000)]
  0x000000001977b000 JavaThread "Attach Listener" daemon [_thread_blocked, id=22668, stack(0x000000001ab80000,0x000000001ac80000)]
  0x000000001977a800 JavaThread "Signal Dispatcher" daemon [_thread_blocked, id=20488, stack(0x000000001aa80000,0x000000001ab80000)]
  0x0000000004da8000 JavaThread "Finalizer" daemon [_thread_blocked, id=18588, stack(0x000000001a980000,0x000000001aa80000)]
  0x0000000004d9f000 JavaThread "Reference Handler" daemon [_thread_blocked, id=6748, stack(0x000000001a880000,0x000000001a980000)]

Other Threads:
=>0x00000000196e7000 VMThread [stack: 0x000000001a780000,0x000000001a880000] [id=22124]

VM state:at safepoint (shutting down)

VM Mutex/Monitor currently owned by a thread:  ([mutex/lock_event])
[0x000000000483df20] Threads_lock - owner thread: 0x00000000196e7000

Heap:
 PSYoungGen      total 36864K, used 33582K [0x00000000d6e00000, 0x00000000d9700000, 0x0000000100000000)
  eden space 31744K, 89% used [0x00000000d6e00000,0x00000000d89d20e8,0x00000000d8d00000)
  from space 5120K, 99% used [0x00000000d8d00000,0x00000000d91f9830,0x00000000d9200000)
  to   space 5120K, 0% used [0x00000000d9200000,0x00000000d9200000,0x00000000d9700000)
 ParOldGen       total 84992K, used 1707K [0x0000000084a00000, 0x0000000089d00000, 0x00000000d6e00000)
  object space 84992K, 2% used [0x0000000084a00000,0x0000000084baaeb8,0x0000000089d00000)
 Metaspace       used 18530K, capacity 18728K, committed 18944K, reserved 1067008K
  class space    used 2198K, capacity 2285K, committed 2304K, reserved 1048576K

Card table byte_map: [0x0000000014170000,0x0000000014550000] byte_map_base: 0x0000000013d4b000

Marking Bits: (ParMarkBitMap*) 0x000000005d57a5b0
 Begin Bits: [0x0000000014bf0000, 0x0000000016ac8000)
 End Bits:   [0x0000000016ac8000, 0x00000000189a0000)

Polling page: 0x0000000002a60000

CodeCache: size=245760Kb used=6346Kb max_used=6359Kb free=239413Kb
 bounds [0x0000000004db0000, 0x00000000053f0000, 0x0000000013db0000]
 total_blobs=2499 nmethods=1906 adapters=512
 compilation: enabled

Compilation events (10 events):
Event: 453.331 Thread 0x000000001aca7800 2032       4       javax.swing.JComponent::getFlag (20 bytes)
Event: 453.331 Thread 0x000000001aca7800 nmethod 2032 0x000000000518b490 code [0x000000000518b5c0, 0x000000000518b638]
Event: 453.374 Thread 0x000000001acaa800 2033       3       java.awt.Component::hasFocus (16 bytes)
Event: 453.375 Thread 0x000000001acaa800 nmethod 2033 0x0000000005193890 code [0x0000000005193a20, 0x0000000005193d48]
Event: 453.375 Thread 0x000000001acaa800 2034       1       java.awt.Window::getTemporaryLostComponent (5 bytes)
Event: 453.375 Thread 0x000000001acaa800 nmethod 2034 0x0000000005040050 code [0x00000000050401a0, 0x00000000050402b0]
Event: 453.428 Thread 0x000000001acaa800 2035       3       java.util.logging.LogManager$LoggerContext::ensureDefaultLogger (70 bytes)
Event: 453.430 Thread 0x000000001acaa800 nmethod 2035 0x00000000053e48d0 code [0x00000000053e4a80, 0x00000000053e5328]
Event: 453.430 Thread 0x000000001aca9800 2036  s    4       java.util.Hashtable::get (69 bytes)
Event: 453.438 Thread 0x000000001aca9800 nmethod 2036 0x00000000053e8490 code [0x00000000053e85e0, 0x00000000053e8cd8]

GC Heap History (2 events):
Event: 11.658 GC heap before
{Heap before GC invocations=1 (full 0):
 PSYoungGen      total 36864K, used 31744K [0x00000000d6e00000, 0x00000000d9700000, 0x0000000100000000)
  eden space 31744K, 100% used [0x00000000d6e00000,0x00000000d8d00000,0x00000000d8d00000)
  from space 5120K, 0% used [0x00000000d9200000,0x00000000d9200000,0x00000000d9700000)
  to   space 5120K, 0% used [0x00000000d8d00000,0x00000000d8d00000,0x00000000d9200000)
 ParOldGen       total 84992K, used 0K [0x0000000084a00000, 0x0000000089d00000, 0x00000000d6e00000)
  object space 84992K, 0% used [0x0000000084a00000,0x0000000084a00000,0x0000000089d00000)
 Metaspace       used 16163K, capacity 16364K, committed 16768K, reserved 1064960K
  class space    used 1954K, capacity 2056K, committed 2176K, reserved 1048576K
Event: 11.665 GC heap after
Heap after GC invocations=1 (full 0):
 PSYoungGen      total 36864K, used 5094K [0x00000000d6e00000, 0x00000000d9700000, 0x0000000100000000)
  eden space 31744K, 0% used [0x00000000d6e00000,0x00000000d6e00000,0x00000000d8d00000)
  from space 5120K, 99% used [0x00000000d8d00000,0x00000000d91f9830,0x00000000d9200000)
  to   space 5120K, 0% used [0x00000000d9200000,0x00000000d9200000,0x00000000d9700000)
 ParOldGen       total 84992K, used 1707K [0x0000000084a00000, 0x0000000089d00000, 0x00000000d6e00000)
  object space 84992K, 2% used [0x0000000084a00000,0x0000000084baaeb8,0x0000000089d00000)
 Metaspace       used 16163K, capacity 16364K, committed 16768K, reserved 1064960K
  class space    used 1954K, capacity 2056K, committed 2176K, reserved 1048576K
}

Deoptimization events (10 events):
Event: 187.306 Thread 0x000000001bd49800 Uncommon trap: reason=unhandled action=none pc=0x0000000005363928 method=java.net.URLClassLoader.findClass(Ljava/lang/String;)Ljava/lang/Class; @ 44
Event: 187.306 Thread 0x000000001bd49800 Uncommon trap: reason=unhandled action=none pc=0x0000000005363928 method=java.net.URLClassLoader.findClass(Ljava/lang/String;)Ljava/lang/Class; @ 44
Event: 452.239 Thread 0x000000001bd44000 Uncommon trap: reason=unstable_if action=reinterpret pc=0x00000000053501f0 method=java.security.AccessController.getContext()Ljava/security/AccessControlContext; @ 5
Event: 452.239 Thread 0x000000001bd44000 Uncommon trap: reason=unstable_if action=reinterpret pc=0x00000000053d0068 method=java.security.AccessController.getContext()Ljava/security/AccessControlContext; @ 5
Event: 452.247 Thread 0x000000001bd44000 Uncommon trap: reason=unstable_if action=reinterpret pc=0x000000000539d754 method=java.awt.EventQueue.getPriority(Ljava/awt/AWTEvent;)I @ 22
Event: 452.247 Thread 0x000000001bd44000 Uncommon trap: reason=unstable_if action=reinterpret pc=0x00000000053b7648 method=java.awt.EventQueue.cacheEQItem(Lsun/awt/EventQueueItem;)V @ 23
Event: 453.156 Thread 0x000000001bd49800 Uncommon trap: reason=unhandled action=none pc=0x0000000005363928 method=java.net.URLClassLoader.findClass(Ljava/lang/String;)Ljava/lang/Class; @ 44
Event: 453.274 Thread 0x000000001bcd8000 Uncommon trap: reason=unstable_if action=reinterpret pc=0x00000000053d0be8 method=sun.awt.AWTAutoShutdown.isReadyToShutdown()Z @ 16
Event: 453.275 Thread 0x000000001bcd8000 Uncommon trap: reason=unstable_if action=reinterpret pc=0x0000000005183050 method=sun.awt.AWTAutoShutdown.isReadyToShutdown()Z @ 16
Event: 453.428 Thread 0x000000001c2fb000 Uncommon trap: reason=unstable_if action=reinterpret pc=0x00000000052f7204 method=java.util.concurrent.locks.ReentrantLock$Sync.tryRelease(I)Z @ 14

Internal exceptions (10 events):
Event: 6.093 Thread 0x000000001befd800 Exception <a 'java/lang/ArrayIndexOutOfBoundsException'> (0x00000000d8374fa0) thrown at [C:\re\workspace\8-2-build-windows-amd64-cygwin\jdk8u60\4407\hotspot\src\share\vm\runtime\sharedRuntime.cpp, line 605]
Event: 6.094 Thread 0x000000001befd800 Exception <a 'java/lang/ArrayIndexOutOfBoundsException'> (0x00000000d8375f58) thrown at [C:\re\workspace\8-2-build-windows-amd64-cygwin\jdk8u60\4407\hotspot\src\share\vm\runtime\sharedRuntime.cpp, line 605]
Event: 6.095 Thread 0x000000001befd800 Exception <a 'java/lang/ArrayIndexOutOfBoundsException'> (0x00000000d8377788) thrown at [C:\re\workspace\8-2-build-windows-amd64-cygwin\jdk8u60\4407\hotspot\src\share\vm\runtime\sharedRuntime.cpp, line 605]
Event: 6.106 Thread 0x000000001befd800 Exception <a 'java/lang/ArrayIndexOutOfBoundsException'> (0x00000000d839dfa8) thrown at [C:\re\workspace\8-2-build-windows-amd64-cygwin\jdk8u60\4407\hotspot\src\share\vm\runtime\sharedRuntime.cpp, line 605]
Event: 6.106 Thread 0x000000001befd800 Exception <a 'java/lang/ArrayIndexOutOfBoundsException'> (0x00000000d839f210) thrown at [C:\re\workspace\8-2-build-windows-amd64-cygwin\jdk8u60\4407\hotspot\src\share\vm\runtime\sharedRuntime.cpp, line 605]
Event: 6.106 Thread 0x000000001befd800 Exception <a 'java/lang/ArrayIndexOutOfBoundsException'> (0x00000000d83a0b88) thrown at [C:\re\workspace\8-2-build-windows-amd64-cygwin\jdk8u60\4407\hotspot\src\share\vm\runtime\sharedRuntime.cpp, line 605]
Event: 6.115 Thread 0x000000001befd800 Exception <a 'java/lang/ArrayIndexOutOfBoundsException'> (0x00000000d83c6e00) thrown at [C:\re\workspace\8-2-build-windows-amd64-cygwin\jdk8u60\4407\hotspot\src\share\vm\runtime\sharedRuntime.cpp, line 605]
Event: 6.120 Thread 0x000000001befd800 Exception <a 'java/lang/ArrayIndexOutOfBoundsException'> (0x00000000d83d4d50) thrown at [C:\re\workspace\8-2-build-windows-amd64-cygwin\jdk8u60\4407\hotspot\src\share\vm\runtime\sharedRuntime.cpp, line 605]
Event: 6.127 Thread 0x000000001befd800 Exception <a 'java/lang/ArrayIndexOutOfBoundsException'> (0x00000000d8403538) thrown at [C:\re\workspace\8-2-build-windows-amd64-cygwin\jdk8u60\4407\hotspot\src\share\vm\runtime\sharedRuntime.cpp, line 605]
Event: 6.131 Thread 0x000000001befd800 Exception <a 'java/lang/ArrayIndexOutOfBoundsException'> (0x00000000d840c548) thrown at [C:\re\workspace\8-2-build-windows-amd64-cygwin\jdk8u60\4407\hotspot\src\share\vm\runtime\sharedRuntime.cpp, line 605]

Events (10 events):
Event: 453.429 Executing VM operation: RevokeBias done
Event: 453.429 Executing VM operation: RevokeBias
Event: 453.429 Executing VM operation: RevokeBias done
Event: 453.429 Thread 0x000000001c2fb000 Thread exited: 0x000000001c2fb000
Event: 453.430 Thread 0x000000001c2f5800 Thread exited: 0x000000001c2f5800
Event: 453.431 Thread 0x000000001c2f7000 Thread exited: 0x000000001c2f7000
Event: 453.437 Thread 0x000000001bcd8000 Thread exited: 0x000000001bcd8000
Event: 453.530 Thread 0x000000001c2fc000 Thread exited: 0x000000001c2fc000
Event: 453.532 Thread 0x000000001ac97000 Thread exited: 0x000000001ac97000
Event: 453.532 Executing VM operation: Exit


Dynamic libraries:
0x00007ff661bb0000 - 0x00007ff661be7000 	E:\Program Files\Java\bin\javaw.exe
0x00007ffa09dc0000 - 0x00007ffa09fa0000 	C:\WINDOWS\SYSTEM32\ntdll.dll
0x00007ffa07a20000 - 0x00007ffa07ace000 	C:\WINDOWS\System32\KERNEL32.DLL
0x00007ffa06240000 - 0x00007ffa064a6000 	C:\WINDOWS\System32\KERNELBASE.dll
0x00007ffa07ed0000 - 0x00007ffa07f71000 	C:\WINDOWS\System32\ADVAPI32.dll
0x00007ffa09680000 - 0x00007ffa0971d000 	C:\WINDOWS\System32\msvcrt.dll
0x00007ffa07320000 - 0x00007ffa0737b000 	C:\WINDOWS\System32\sechost.dll
0x00007ffa07b60000 - 0x00007ffa07c7f000 	C:\WINDOWS\System32\RPCRT4.dll
0x00007ffa07c80000 - 0x00007ffa07e0f000 	C:\WINDOWS\System32\USER32.dll
0x00007ffa064b0000 - 0x00007ffa064d0000 	C:\WINDOWS\System32\win32u.dll
0x00007ffa07ea0000 - 0x00007ffa07ec8000 	C:\WINDOWS\System32\GDI32.dll
0x00007ffa05ed0000 - 0x00007ffa06063000 	C:\WINDOWS\System32\gdi32full.dll
0x00007ffa065a0000 - 0x00007ffa0663b000 	C:\WINDOWS\System32\msvcp_win.dll
0x00007ffa06740000 - 0x00007ffa06836000 	C:\WINDOWS\System32\ucrtbase.dll
0x00007ff9f96b0000 - 0x00007ff9f9919000 	C:\WINDOWS\WinSxS\amd64_microsoft.windows.common-controls_6595b64144ccf1df_6.0.16299.192_none_15c8cdae9364c23b\COMCTL32.dll
0x00007ffa09840000 - 0x00007ffa09b48000 	C:\WINDOWS\System32\combase.dll
0x00007ffa064d0000 - 0x00007ffa06542000 	C:\WINDOWS\System32\bcryptPrimitives.dll
0x00007ffa094d0000 - 0x00007ffa094fd000 	C:\WINDOWS\System32\IMM32.DLL
0x000000005e2f0000 - 0x000000005e3c2000 	E:\Program Files\Java\bin\msvcr100.dll
0x000000005cd70000 - 0x000000005d5f9000 	E:\Program Files\Java\bin\server\jvm.dll
0x00007ffa068a0000 - 0x00007ffa068c3000 	C:\WINDOWS\System32\WINMM.dll
0x00007ffa05e60000 - 0x00007ffa05e8a000 	C:\WINDOWS\System32\WINMMBASE.dll
0x00007ffa066f0000 - 0x00007ffa0673a000 	C:\WINDOWS\System32\cfgmgr32.dll
0x00007ffa07b50000 - 0x00007ffa07b58000 	C:\WINDOWS\System32\PSAPI.DLL
0x00007ff9f0ca0000 - 0x00007ff9f0ca9000 	C:\WINDOWS\SYSTEM32\WSOCK32.dll
0x00007ffa097d0000 - 0x00007ffa0983c000 	C:\WINDOWS\System32\WS2_32.dll
0x00007ff9fd9c0000 - 0x00007ff9fd9ca000 	C:\WINDOWS\SYSTEM32\VERSION.dll
0x000000005e2e0000 - 0x000000005e2ef000 	E:\Program Files\Java\bin\verify.dll
0x000000005e2b0000 - 0x000000005e2d9000 	E:\Program Files\Java\bin\java.dll
0x000000005e160000 - 0x000000005e195000 	E:\Program Files\Java\bin\jdwp.dll
0x000000005e150000 - 0x000000005e158000 	E:\Program Files\Java\bin\npt.dll
0x000000005e290000 - 0x000000005e2a6000 	E:\Program Files\Java\bin\zip.dll
0x00007ffa07f80000 - 0x00007ffa093b6000 	C:\WINDOWS\System32\SHELL32.dll
0x00007ffa09720000 - 0x00007ffa097c6000 	C:\WINDOWS\System32\shcore.dll
0x00007ffa06990000 - 0x00007ffa070d7000 	C:\WINDOWS\System32\windows.storage.dll
0x00007ffa07ad0000 - 0x00007ffa07b21000 	C:\WINDOWS\System32\shlwapi.dll
0x00007ffa05eb0000 - 0x00007ffa05ec1000 	C:\WINDOWS\System32\kernel.appcore.dll
0x00007ffa06550000 - 0x00007ffa0659c000 	C:\WINDOWS\System32\powrprof.dll
0x00007ffa05e90000 - 0x00007ffa05eab000 	C:\WINDOWS\System32\profapi.dll
0x000000005e140000 - 0x000000005e149000 	E:\Program Files\Java\bin\dt_socket.dll
0x00007ff9f17d0000 - 0x00007ff9f17e6000 	C:\WINDOWS\system32\napinsp.dll
0x00007ff9f17b0000 - 0x00007ff9f17ca000 	C:\WINDOWS\system32\pnrpnsp.dll
0x00007ff9ff580000 - 0x00007ff9ff598000 	C:\WINDOWS\system32\NLAapi.dll
0x00007ffa05640000 - 0x00007ffa056a6000 	C:\WINDOWS\System32\mswsock.dll
0x00007ffa05410000 - 0x00007ffa054c6000 	C:\WINDOWS\SYSTEM32\DNSAPI.dll
0x00007ffa07e90000 - 0x00007ffa07e98000 	C:\WINDOWS\System32\NSI.dll
0x00007ffa053d0000 - 0x00007ffa05409000 	C:\WINDOWS\SYSTEM32\IPHLPAPI.DLL
0x00007ff9f16d0000 - 0x00007ff9f16de000 	C:\WINDOWS\System32\winrnr.dll
0x00007ff9f16b0000 - 0x00007ff9f16c5000 	C:\WINDOWS\System32\wshbth.dll
0x000000005e0f0000 - 0x000000005e116000 	C:\Program Files\Bonjour\mdnsNSP.dll
0x000000001b080000 - 0x000000001b0fc000 	C:\WINDOWS\system32\xunyount64.dll
0x00007ff9fe160000 - 0x00007ff9fe16a000 	C:\WINDOWS\system32\wshqos.dll
0x00007ff9fe150000 - 0x00007ff9fe158000 	C:\WINDOWS\SYSTEM32\wshtcpip.DLL
0x00007ff9fe140000 - 0x00007ff9fe148000 	C:\WINDOWS\SYSTEM32\wship6.dll
0x00007ff9fdb80000 - 0x00007ff9fdbf0000 	C:\WINDOWS\System32\fwpuclnt.dll
0x00007ffa05910000 - 0x00007ffa05935000 	C:\WINDOWS\SYSTEM32\bcrypt.dll
0x00007ff9fbf50000 - 0x00007ff9fbf5a000 	C:\Windows\System32\rasadhlp.dll
0x000000005d8d0000 - 0x000000005da68000 	E:\Program Files\Java\bin\awt.dll
0x00007ffa070e0000 - 0x00007ffa071a5000 	C:\WINDOWS\System32\OLEAUT32.dll
0x00007ffa04450000 - 0x00007ffa044d8000 	C:\WINDOWS\SYSTEM32\apphelp.dll
0x00007ffa04770000 - 0x00007ffa0479a000 	C:\WINDOWS\system32\DWMAPI.DLL
0x00007ffa04540000 - 0x00007ffa045d5000 	C:\WINDOWS\system32\uxtheme.dll
0x00007ffa071b0000 - 0x00007ffa07317000 	C:\WINDOWS\System32\MSCTF.dll
0x0000000180000000 - 0x0000000180128000 	C:\WINDOWS\system32\pmls64.dll
0x00007ffa07390000 - 0x00007ffa074d9000 	C:\WINDOWS\System32\ole32.dll
0x00007ff9fd890000 - 0x00007ff9fd8fe000 	C:\WINDOWS\system32\OLEACC.dll
0x00007ffa02510000 - 0x00007ffa02844000 	C:\WINDOWS\system32\WININET.dll
0x00007ffa04f50000 - 0x00007ffa04f81000 	C:\WINDOWS\SYSTEM32\ntmarta.dll
0x00007ffa05190000 - 0x00007ffa0520a000 	C:\WINDOWS\SYSTEM32\Schannel.dll
0x00007ffa06070000 - 0x00007ffa0623e000 	C:\WINDOWS\System32\CRYPT32.dll
0x00007ffa05e40000 - 0x00007ffa05e52000 	C:\WINDOWS\System32\MSASN1.dll
0x00007ffa05d40000 - 0x00007ffa05d70000 	C:\WINDOWS\SYSTEM32\SspiCli.dll
0x000000005d8c0000 - 0x000000005d8c7000 	E:\Program Files\Java\bin\jawt.dll
0x00007ff9e56f0000 - 0x00007ff9e5784000 	C:\Users\Administrator\Desktop\20180203\javacef3\cef3lib\chrome_elf.dll
0x00007ff9a0b30000 - 0x00007ff9a67d1000 	C:\Users\Administrator\Desktop\20180203\javacef3\cef3lib\libcef.dll
0x00007ffa06840000 - 0x00007ffa06898000 	C:\WINDOWS\System32\WINTRUST.dll
0x00007ffa093c0000 - 0x00007ffa094ca000 	C:\WINDOWS\System32\COMDLG32.dll
0x00007ffa09560000 - 0x00007ffa09579000 	C:\WINDOWS\System32\USP10.dll
0x00007ffa068d0000 - 0x00007ffa0697f000 	C:\WINDOWS\System32\dxgi.dll
0x00007ff9f2050000 - 0x00007ff9f2067000 	C:\WINDOWS\SYSTEM32\NETAPI32.dll
0x00007ffa05d70000 - 0x00007ffa05d99000 	C:\WINDOWS\SYSTEM32\USERENV.dll
0x00007ffa04ca0000 - 0x00007ffa04cac000 	C:\WINDOWS\SYSTEM32\HID.DLL
0x00007ff9ff7f0000 - 0x00007ff9ff9b8000 	C:\WINDOWS\SYSTEM32\dbghelp.dll
0x00007ff9e49d0000 - 0x00007ff9e4a66000 	C:\WINDOWS\SYSTEM32\CRYPTUI.dll
0x00007ffa000b0000 - 0x00007ffa000ca000 	C:\WINDOWS\SYSTEM32\dhcpcsvc.DLL
0x00007ffa058e0000 - 0x00007ffa05906000 	C:\WINDOWS\SYSTEM32\ncrypt.dll
0x00007ff9f5d10000 - 0x00007ff9f5d1c000 	C:\WINDOWS\SYSTEM32\Secur32.dll
0x00007ff9f71a0000 - 0x00007ff9f736c000 	C:\WINDOWS\SYSTEM32\urlmon.dll
0x00007ffa07b30000 - 0x00007ffa07b4d000 	C:\WINDOWS\System32\imagehlp.dll
0x00007ffa013c0000 - 0x00007ffa0149e000 	C:\WINDOWS\SYSTEM32\WINHTTP.dll
0x00007ff9f6e60000 - 0x00007ff9f716f000 	C:\WINDOWS\SYSTEM32\DWrite.dll
0x00007ff9cdf60000 - 0x00007ff9ce0f5000 	C:\WINDOWS\SYSTEM32\d3d9.dll
0x00007ffa031f0000 - 0x00007ffa034d1000 	C:\WINDOWS\SYSTEM32\d3d11.dll
0x00007ff9ed140000 - 0x00007ff9ed162000 	C:\WINDOWS\SYSTEM32\dxva2.dll
0x00007ffa03910000 - 0x00007ffa03923000 	C:\WINDOWS\SYSTEM32\WTSAPI32.dll
0x00007ffa00a00000 - 0x00007ffa00a86000 	C:\WINDOWS\SYSTEM32\WINSPOOL.DRV
0x00007ffa058a0000 - 0x00007ffa058d6000 	C:\WINDOWS\SYSTEM32\NTASN1.dll
0x00007ff9f7710000 - 0x00007ff9f79a9000 	C:\WINDOWS\SYSTEM32\iertutil.dll
0x00007ffa05800000 - 0x00007ffa0580b000 	C:\WINDOWS\SYSTEM32\CRYPTBASE.DLL
0x00007ff9ffaf0000 - 0x00007ff9ffb08000 	C:\WINDOWS\SYSTEM32\SAMCLI.DLL
0x00007ffa054d0000 - 0x00007ffa054de000 	C:\WINDOWS\SYSTEM32\NETUTILS.DLL
0x00007ff9d98e0000 - 0x00007ff9d99c4000 	C:\Users\Administrator\Desktop\20180203\javacef3\cef3lib\jcef.dll
0x00007ff9ff560000 - 0x00007ff9ff576000 	C:\WINDOWS\SYSTEM32\dhcpcsvc6.DLL
0x00007ffa07540000 - 0x00007ffa0798e000 	C:\WINDOWS\System32\SETUPAPI.dll
0x00007ffa05bd0000 - 0x00007ffa05bf7000 	C:\WINDOWS\SYSTEM32\DEVOBJ.dll
0x00007ff9f4270000 - 0x00007ff9f4392000 	C:\WINDOWS\system32\audioses.dll
0x00007ffa01a50000 - 0x00007ffa01b86000 	C:\WINDOWS\SYSTEM32\wintypes.dll
0x00007ff9fe3e0000 - 0x00007ff9fe44f000 	C:\WINDOWS\system32\MMDevAPI.DLL
0x00007ffa00d40000 - 0x00007ffa00d4a000 	C:\WINDOWS\system32\AVRT.dll
0x00007ffa02850000 - 0x00007ffa02a01000 	C:\WINDOWS\system32\PROPSYS.dll
0x00007ffa09b50000 - 0x00007ffa09bee000 	C:\WINDOWS\System32\clbcatq.dll
0x00007ff9f9400000 - 0x00007ff9f9497000 	C:\WINDOWS\SYSTEM32\mscms.dll
0x00007ff9ee7c0000 - 0x00007ff9ee801000 	C:\WINDOWS\SYSTEM32\icm32.dll
0x00007ff9ff4c0000 - 0x00007ff9ff528000 	C:\WINDOWS\system32\wlanapi.dll
0x000000005d870000 - 0x000000005d8b7000 	E:\Program Files\Java\bin\fontmanager.dll
0x000000005e270000 - 0x000000005e28a000 	E:\Program Files\Java\bin\net.dll
0x000000005e250000 - 0x000000005e261000 	E:\Program Files\Java\bin\nio.dll
0x000000005d820000 - 0x000000005d862000 	E:\Program Files\Java\bin\t2k.dll
0x00007ff9fcf90000 - 0x00007ff9fd13b000 	C:\WINDOWS\SYSTEM32\WindowsCodecs.dll
0x00007ff9e4650000 - 0x00007ff9e469f000 	C:\WINDOWS\system32\dataexchange.dll
0x00007ffa03cb0000 - 0x00007ffa03df2000 	C:\WINDOWS\system32\dcomp.dll
0x00007ffa048b0000 - 0x00007ffa04a2b000 	C:\WINDOWS\system32\twinapi.appcore.dll
0x00007ffa04860000 - 0x00007ffa04880000 	C:\WINDOWS\system32\RMCLIENT.dll
0x00007ff9f8f30000 - 0x00007ff9f8fc8000 	C:\WINDOWS\System32\TextInputFramework.dll
0x00007ff9fcb70000 - 0x00007ff9fce5e000 	C:\WINDOWS\System32\CoreUIComponents.dll
0x00007ffa03e00000 - 0x00007ffa03edc000 	C:\WINDOWS\System32\CoreMessaging.dll
0x000000005d7f0000 - 0x000000005d81a000 	E:\Program Files\Java\bin\dcpr.dll
0x00007ffa05c40000 - 0x00007ffa05c95000 	C:\WINDOWS\SYSTEM32\WINSTA.dll

VM Arguments:
jvm_args: -agentlib:jdwp=transport=dt_socket,suspend=y,address=localhost:39520 -Djava.library.path=C:\Users\Administrator\Desktop\20180203\javacef3\cef3lib -Dfile.encoding=UTF-8 -Xbootclasspath:E:\Program Files\Java\lib\resources.jar;E:\Program Files\Java\lib\rt.jar;E:\Program Files\Java\lib\jsse.jar;E:\Program Files\Java\lib\jce.jar;E:\Program Files\Java\lib\charsets.jar;E:\Program Files\Java\lib\jfr.jar 
java_command: tests.detailed.MainFrame
java_class_path (initial): C:\Users\Administrator\Desktop\20180203\javacef3\bin;C:\Users\Administrator\Desktop\20180203\javacef3\lib\commons-pool2-2.4.2.jar;C:\Users\Administrator\Desktop\20180203\javacef3\lib\fastjson-1.2.31.jar;C:\Users\Administrator\Desktop\20180203\javacef3\lib\gluegen-rt-natives-windows-amd64.jar;C:\Users\Administrator\Desktop\20180203\javacef3\lib\gluegen-rt.jar;C:\Users\Administrator\Desktop\20180203\javacef3\lib\jedis-2.9.0.jar;C:\Users\Administrator\Desktop\20180203\javacef3\lib\jogl-all-natives-windows-amd64.jar;C:\Users\Administrator\Desktop\20180203\javacef3\lib\jogl-all.jar;C:\Users\Administrator\Desktop\20180203\javacef3\lib\mysql-connector-java-5.1.44-bin.jar
Launcher Type: SUN_STANDARD

Environment Variables:
JAVA_HOME=E:\Program Files\Java\jdk1.8.0_60
PATH=E:\Perl64\site\bin;E:\Perl64\bin;C:\WINDOWS\system32;C:\WINDOWS;C:\WINDOWS\System32\Wbem;C:\WINDOWS\System32\WindowsPowerShell\v1.0\;C:\Program Files (x86)\Windows Kits\8.1\Windows Performance Toolkit\;C:\Program Files\Microsoft SQL Server\110\Tools\Binn\;E:\softs\apache-maven-3.3.3-bin\apache-maven-3.3.3\bin;C:\Program Files (x86)\Tesseract-OCR;E:\Program Files (x86)\CMake\bin;C:\Users\Administrator\.dnx\bin;C:\Program Files\Microsoft DNX\Dnvm\;C:\Program Files\Microsoft SQL Server\130\Tools\Binn\;C:\Program Files\Mercurial\;C:\Program Files\Mercurial;E:\Program Files\PostgreSQL\9.5\bin;C:\Program Files (x86)\GtkSharp\2.12\bin;C:\ProgramData\chocolatey\bin;C:\tools\python2;E:\androidsdk\tools;E:\androidsdk\platform-tools;C:\Program Files (x86)\Windows Kits\10\Windows Performance Toolkit\;C:\Program Files\nodejs\;C:\WINDOWS\system32\pthreadVC2.dll;C:\Program Files (x86)\NVIDIA Corporation\PhysX\Common;C:\Program Files\Git\cmd;C:\PROGRAMFILES(X86)\GnuWin32\bin;C:\Program Files\Microsoft\Web Platform Installer\;C:\Program Files (x86)\Microsoft SDKs\Azure\CLI\wbin;C:\Program Files (x86)\scala\bin;E:\Program Files (x86)\Tesseract-OCR\lib;E:\Program Files (x86)\Tesseract-OCR;C:\WINDOWS\system32;C:\WINDOWS;C:\WINDOWS\System32\Wbem;C:\WINDOWS\System32\WindowsPowerShell\v1.0\;C:\Program Files\Intel\WiFi\bin\;C:\Program Files\Common Files\Intel\WirelessCommon\;C:\Program Files\CMake\bin;E:\data\ceflib;C:\Users\Administrator\AppData\Roaming\npm;C:\Users\Administrator\AppData\Local\Microsoft\WindowsApps;C:\Program Files\Intel\WiFi\bin\;C:\Program Files\Common Files\Intel\WirelessCommon\;E:\downloads\apache-ant-1.9.7-bin\apache-ant-1.9.7\bin;
USERNAME=Administrator
OS=Windows_NT
PROCESSOR_IDENTIFIER=Intel64 Family 6 Model 61 Stepping 4, GenuineIntel



---------------  S Y S T E M  ---------------

OS: Windows 10.0 , 64 bit Build 16299 (10.0.16299.15)

CPU:total 4 (2 cores per cpu, 2 threads per core) family 6 model 61 stepping 4, cmov, cx8, fxsr, mmx, sse, sse2, sse3, ssse3, sse4.1, sse4.2, popcnt, avx, avx2, aes, clmul, erms, rtm, 3dnowpref, lzcnt, ht, tsc, tscinvbit, bmi1, bmi2, adx

Memory: 4k page, physical 8077540k(1790680k free), swap 16204004k(5167956k free)

vm_info: Java HotSpot(TM) 64-Bit Server VM (25.60-b23) for windows-amd64 JRE (1.8.0_60-b27), built on Aug  4 2015 11:06:27 by "java_re" with MS VC++ 10.0 (VS2010)

time: Mon Feb 05 15:14:31 2018
elapsed time: 454 seconds (0d 0h 7m 34s)

